<?xml version="1.0" encoding="UTF-8" ?>
<testsuite tests="1" failures="0" name="com.simple.TestGreeting" time="0.007" errors="0" skipped="0">
  <properties>
    <property name="java.runtime.name" value="OpenJDK Runtime Environment"/>
    <property name="java.vm.version" value="16.0.1+9"/>
    <property name="sun.boot.library.path" value="C:\_\Software\USB\PortableApps\CommonFiles\OpenJDK64\bin"/>
    <property name="maven.multiModuleProjectDirectory" value="C:/#tmp/demos/demo/SimpleGreetingMaven"/>
    <property name="java.vm.vendor" value="AdoptOpenJDK"/>
    <property name="java.vendor.url" value="https://adoptopenjdk.net/"/>
    <property name="guice.disable.misplaced.annotation.check" value="true"/>
    <property name="path.separator" value=";"/>
    <property name="java.vm.name" value="OpenJDK 64-Bit Server VM"/>
    <property name="sun.os.patch.level" value=""/>
    <property name="user.script" value=""/>
    <property name="user.country" value="CA"/>
    <property name="sun.java.launcher" value="SUN_STANDARD"/>
    <property name="java.vm.specification.name" value="Java Virtual Machine Specification"/>
    <property name="user.dir" value="C:\#tmp\demos\demo\SimpleGreetingMaven"/>
    <property name="java.vm.compressedOopsMode" value="Zero based"/>
    <property name="java.runtime.version" value="16.0.1+9"/>
    <property name="os.arch" value="amd64"/>
    <property name="java.io.tmpdir" value="C:\Users\SUPERU~1\AppData\Local\Temp\"/>
    <property name="line.separator" value="
"/>
    <property name="java.vm.specification.vendor" value="Oracle Corporation"/>
    <property name="user.variant" value=""/>
    <property name="os.name" value="Windows 10"/>
    <property name="classworlds.conf" value="C:/Software/maven/bin/m2.conf"/>
    <property name="sun.jnu.encoding" value="Cp1252"/>
    <property name="java.library.path" value="C:\_\Software\USB\PortableApps\CommonFiles\OpenJDK64\bin;C:\Windows\Sun\Java\bin;C:\Windows\system32;C:\Windows;C:\Users\Super User\bin;C:\_\Software\USB\PortableApps\PortableGit\mingw64\bin;C:\_\Software\USB\PortableApps\PortableGit\usr\local\bin;C:\_\Software\USB\PortableApps\PortableGit\usr\bin;C:\_\Software\USB\PortableApps\PortableGit\usr\bin;C:\_\Software\USB\PortableApps\PortableGit\mingw64\bin;C:\_\Software\USB\PortableApps\PortableGit\usr\bin;C:\Users\Super User\bin;C:\Program Files (x86)\VMware\VMware Player\bin;C:\Program Files (x86)\Microsoft SDKs\Azure\CLI2\wbin;C:\Windows\system32;C:\Windows;C:\Windows\System32\Wbem;C:\Windows\System32\WindowsPowerShell\v1.0;C:\Windows\System32\OpenSSH;C:\_\Software\USB\PortableApps\CommonFiles\OpenJDK64\bin;C:\Software\maven\bin;C:\Program Files\dotnet;C:\Program Files (x86)\dotnet;C:\Program Files\Docker\Docker\resources\bin;C:\ProgramData\DockerDesktop\version-bin;C:\Program Files\nodejs;C:\Users\Super User\AppData\Local\Microsoft\WindowsApps;C:\Users\Super User\.dotnet\tools;C:\_\Software\USB\PortableApps\Notepad3;C:\Users\Super User\AppData\Roaming\npm;C:\_\Software\USB\PortableApps\MarkdownMonsterPortable;C:\_\Software\USB\PortableApps\PortableGit\usr\bin\vendor_perl;C:\_\Software\USB\PortableApps\PortableGit\usr\bin\core_perl;."/>
    <property name="maven.conf" value="C:/Software/maven/conf"/>
    <property name="jdk.debug" value="release"/>
    <property name="java.class.version" value="60.0"/>
    <property name="java.specification.name" value="Java Platform API Specification"/>
    <property name="sun.management.compiler" value="HotSpot 64-Bit Tiered Compilers"/>
    <property name="os.version" value="10.0"/>
    <property name="library.jansi.path" value="C:/Software/maven/lib/jansi-native"/>
    <property name="user.home" value="C:\Users\Super User"/>
    <property name="user.timezone" value="America/Toronto"/>
    <property name="file.encoding" value="Cp1252"/>
    <property name="java.specification.version" value="16"/>
    <property name="user.name" value="Super User"/>
    <property name="java.class.path" value="C:/Software/maven/boot/plexus-classworlds-2.6.0.jar"/>
    <property name="java.vm.specification.version" value="16"/>
    <property name="sun.arch.data.model" value="64"/>
    <property name="sun.java.command" value="org.codehaus.plexus.classworlds.launcher.Launcher clean package"/>
    <property name="java.home" value="C:\_\Software\USB\PortableApps\CommonFiles\OpenJDK64"/>
    <property name="user.language" value="en"/>
    <property name="java.specification.vendor" value="Oracle Corporation"/>
    <property name="java.vm.info" value="mixed mode, sharing"/>
    <property name="java.version" value="16.0.1"/>
    <property name="java.vendor" value="AdoptOpenJDK"/>
    <property name="maven.home" value="C:\Software\maven"/>
    <property name="file.separator" value="\"/>
    <property name="java.version.date" value="2021-04-20"/>
    <property name="java.vendor.url.bug" value="https://github.com/AdoptOpenJDK/openjdk-support/issues"/>
    <property name="sun.io.unicode.encoding" value="UnicodeLittle"/>
    <property name="sun.cpu.endian" value="little"/>
    <property name="java.vendor.version" value="AdoptOpenJDK-16.0.1+9"/>
    <property name="sun.cpu.isalist" value="amd64"/>
  </properties>
  <testcase classname="com.simple.TestGreeting" name="testLengthOfTheUniqueKey" time="0.007"/>
</testsuite>